make all --print-data-base --no-builtin-variables --no-builtin-rules --question
# GNU Make 3.81
# Copyright (C) 2006  Free Software Foundation, Inc.
# This is free software; see the source for copying conditions.
# There is NO warranty; not even for MERCHANTABILITY or FITNESS FOR A
# PARTICULAR PURPOSE.

# This program built for i386-apple-darwin11.3.0
 

# Make data base, printed on Sun Aug 28 20:01:46 2022

# Variables

# automatic
<D = $(patsubst %/,%,$(dir $<))
# automatic
?F = $(notdir $?)
# automatic
?D = $(patsubst %/,%,$(dir $?))
# automatic
@D = $(patsubst %/,%,$(dir $@))
# automatic
@F = $(notdir $@)
# makefile
CURDIR := /Users/gulee/guttyspace/ft/philosopher/philo2
# makefile
SHELL = /bin/sh
# makefile (from `Makefile', line 6)
RM = rm -rf
# environment
VSCODE_NLS_CONFIG = {"locale":"ko","availableLanguages":{"*":"ko"},"_languagePackId":"2dff5cff996ed6cbe8d8aa8740f86aa0.ko","_translationsConfigFile":"/Users/gulee/Library/Application Support/Code/clp/2dff5cff996ed6cbe8d8aa8740f86aa0.ko/tcf.json","_cacheRoot":"/Users/gulee/Library/Application Support/Code/clp/2dff5cff996ed6cbe8d8aa8740f86aa0.ko","_resolvedLanguagePackCoreLocation":"/Users/gulee/Library/Application Support/Code/clp/2dff5cff996ed6cbe8d8aa8740f86aa0.ko/e4503b30fc78200f846c62cf8091b76ff5547662","_corruptedFile":"/Users/gulee/Library/Application Support/Code/clp/2dff5cff996ed6cbe8d8aa8740f86aa0.ko/corrupted.info","_languagePackSupport":true}
# environment
_ = /usr/bin/make
# makefile (from `Makefile', line 1)
MAKEFILE_LIST :=  Makefile
# environment
__CFBundleIdentifier = com.microsoft.VSCode
# environment
VSCODE_CWD = /
# environment
PATH = /usr/bin:/bin:/usr/sbin:/sbin
# makefile (from `Makefile', line 29)
DIR_OBJS = obj
# makefile (from `Makefile', line 8)
PHILO_SRCS = philo.c action_eat.c action_fork.c action_sleep.c check_arg.c check_philo.c error_philo.c philo_to_job.c set_mutex.c set_philo.c set_table.c start_philo.c state_print.c util_all_free.c util_destroy_mutex.c util_detach.c util_ft_atoi.c util_thread_pause.c util_times.c utils.c
# environment
LaunchInstanceID = 7158595A-FD89-4CFF-88BF-343E6EFDC3BB
# environment
ELECTRON_RUN_AS_NODE = 1
# default
.FEATURES := target-specific order-only second-expansion else-if archives jobserver check-symlink
# environment
SSH_AUTH_SOCK = /private/tmp/com.apple.launchd.qrIDZS5TS0/Listeners
# automatic
%F = $(notdir $%)
# makefile (from `Makefile', line 35)
OBJS = $(addprefix $(DIR_OBJS)/,$(PHILO_OBJS))
# environment
PWD = /Users/gulee/guttyspace/ft/philosopher/philo2
# environment
ORIGINAL_XDG_CURRENT_DESKTOP = undefined
# environment
VSCODE_AMD_ENTRYPOINT = vs/workbench/api/node/extensionHostProcess
# environment
HOME = /Users/gulee
# default
MAKEFILEPATH := /Applications/Xcode.app/Contents/Developer/Makefiles
# environment
VSCODE_CODE_CACHE_PATH = /Users/gulee/Library/Application Support/Code/CachedData/e4503b30fc78200f846c62cf8091b76ff5547662
# environment
LOGNAME = gulee
# environment
APPLICATION_INSIGHTS_NO_DIAGNOSTIC_CHANNEL = 1
# environment
VSCODE_HANDLES_UNCAUGHT_ERRORS = true
# automatic
^D = $(patsubst %/,%,$(dir $^))
# environment
XPC_FLAGS = 0x0
# default
MAKE = $(MAKE_COMMAND)
# default
MAKECMDGOALS := all
# makefile (from `Makefile', line 34)
SRCS = $(addprefix $(DIR_SRCS)/,$(PHILO_SRCS))
# environment
SHLVL = 1
# makefile (from `Makefile', line 5)
CC = cc
# makefile (from `Makefile', line 30)
DIR_SRCS = src
# default
MAKE_VERSION := 3.81
# environment
USER = gulee
# makefile
.DEFAULT_GOAL := all
# makefile (from `Makefile', line 1)
NAME = philo
# automatic
%D = $(patsubst %/,%,$(dir $%))
# default
MAKE_COMMAND := /Applications/Xcode.app/Contents/Developer/usr/bin/make
# default
.VARIABLES := 
# environment
TMPDIR = /var/folders/gm/dswh80v13qzdj9n023wn9gc80000gn/T/
# automatic
*F = $(notdir $*)
# environment
VSCODE_IPC_HOOK = /Users/gulee/Library/Application Support/Code/1.70.2-main.sock
# environment
MallocNanoZone = 0
# makefile
MAKEFLAGS = Rrqp
# environment
MFLAGS = -Rrqp
# automatic
*D = $(patsubst %/,%,$(dir $*))
# environment
XPC_SERVICE_NAME = application.com.microsoft.VSCode.17186004.17186010
# automatic
+D = $(patsubst %/,%,$(dir $+))
# automatic
+F = $(notdir $+)
# environment
__CF_USER_TEXT_ENCODING = 0x1F5:0x3:0x33
# environment
COMMAND_MODE = unix2003
# default
MAKEFILES := 
# makefile (from `Makefile', line 32)
PHILO_OBJS = $(PHILO_SRCS:.c=.o)
# automatic
<F = $(notdir $<)
# environment
LC_ALL = C
# environment
SECURITYSESSIONID = 186b1
# automatic
^F = $(notdir $^)
# default
SUFFIXES := 
# makefile (from `Makefile', line 3)
FLAGS = -Wall -Werror -Wextra
# environment
MAKELEVEL := 0
# environment
LANG = C
# environment
VSCODE_PID = 547
# variable set hash-table stats:
# Load=69/1024=7%, Rehash=0, Collisions=8/102=8%

# Pattern-specific Variable Values

# No pattern-specific variable values.

# Directories

# . (device 16777230, inode 17165397): 8 files, no impossibilities.
# src (device 16777230, inode 17165430): 23 files, no impossibilities so far.

# 31 files, no impossibilities in 2 directories.

# Implicit Rules

obj/%.o: src/%.c Makefile | obj
#  commands to execute (from `Makefile', line 44):
	$(CC) $(FLAGS) -c $< -o $@
	

# 1 implicit rules, 0 (0.0%) terminal.

# Files

# Not a target:
src/util_detach.c:
#  Implicit rule search has been done.
#  Last modified 2022-08-28 19:29:38
#  File has been updated.
#  Successfully updated.
# variable set hash-table stats:
# Load=0/32=0%, Rehash=0, Collisions=0/0=0%

# Not a target:
src/check_philo.c:
#  Implicit rule search has been done.
#  Last modified 2022-08-28 19:29:38
#  File has been updated.
#  Successfully updated.
# variable set hash-table stats:
# Load=0/32=0%, Rehash=0, Collisions=0/0=0%

obj/util_all_free.o: src/util_all_free.c Makefile | obj
#  Implicit rule search has been done.
#  Implicit/static pattern stem: `util_all_free'
#  Last modified 2022-08-28 19:29:38
#  File has been updated.
#  Successfully updated.
# variable set hash-table stats:
# Load=0/32=0%, Rehash=0, Collisions=0/0=0%
#  commands to execute (from `Makefile', line 44):
	$(CC) $(FLAGS) -c $< -o $@
	

obj/util_destroy_mutex.o: src/util_destroy_mutex.c Makefile | obj
#  Implicit rule search has been done.
#  Implicit/static pattern stem: `util_destroy_mutex'
#  Last modified 2022-08-28 19:29:38
#  File has been updated.
#  Successfully updated.
# variable set hash-table stats:
# Load=0/32=0%, Rehash=0, Collisions=0/0=0%
#  commands to execute (from `Makefile', line 44):
	$(CC) $(FLAGS) -c $< -o $@
	

all: philo
#  Phony target (prerequisite of .PHONY).
#  Command-line target.
#  Implicit rule search has not been done.
#  File does not exist.
#  File has been updated.
#  Successfully updated.
# variable set hash-table stats:
# Load=0/32=0%, Rehash=0, Collisions=0/0=0%

philo: obj/philo.o obj/action_eat.o obj/action_fork.o obj/action_sleep.o obj/check_arg.o obj/check_philo.o obj/error_philo.o obj/philo_to_job.o obj/set_mutex.o obj/set_philo.o obj/set_table.o obj/start_philo.o obj/state_print.o obj/util_all_free.o obj/util_destroy_mutex.o obj/util_detach.o obj/util_ft_atoi.o obj/util_thread_pause.o obj/util_times.o obj/utils.o
#  Implicit rule search has not been done.
#  Last modified 2022-08-28 19:29:38
#  File has been updated.
#  Successfully updated.
# variable set hash-table stats:
# Load=0/32=0%, Rehash=0, Collisions=0/0=0%
#  commands to execute (from `Makefile', line 41):
	$(CC) $(FLAGS) $^ -o $@
	

# Not a target:
src/util_thread_pause.c:
#  Implicit rule search has been done.
#  Last modified 2022-08-28 19:29:38
#  File has been updated.
#  Successfully updated.
# variable set hash-table stats:
# Load=0/32=0%, Rehash=0, Collisions=0/0=0%

.PHONY: all clean fclean re
#  Implicit rule search has not been done.
#  Modification time never checked.
#  File has not been updated.

obj/set_philo.o: src/set_philo.c Makefile | obj
#  Implicit rule search has been done.
#  Implicit/static pattern stem: `set_philo'
#  Last modified 2022-08-28 19:29:38
#  File has been updated.
#  Successfully updated.
# variable set hash-table stats:
# Load=0/32=0%, Rehash=0, Collisions=0/0=0%
#  commands to execute (from `Makefile', line 44):
	$(CC) $(FLAGS) -c $< -o $@
	

obj/start_philo.o: src/start_philo.c Makefile | obj
#  Implicit rule search has been done.
#  Implicit/static pattern stem: `start_philo'
#  Last modified 2022-08-28 19:29:38
#  File has been updated.
#  Successfully updated.
# variable set hash-table stats:
# Load=0/32=0%, Rehash=0, Collisions=0/0=0%
#  commands to execute (from `Makefile', line 44):
 
	$(CC) $(FLAGS) -c $< -o $@
	

obj/set_mutex.o: src/set_mutex.c Makefile | obj
#  Implicit rule search has been done.
#  Implicit/static pattern stem: `set_mutex'
#  Last modified 2022-08-28 19:29:38
#  File has been updated.
#  Successfully updated.
# variable set hash-table stats:
# Load=0/32=0%, Rehash=0, Collisions=0/0=0%
#  commands to execute (from `Makefile', line 44):
	$(CC) $(FLAGS) -c $< -o $@
	

# Not a target:
.SUFFIXES:
#  Implicit rule search has not been done.
#  Modification time never checked.
#  File has not been updated.

# Not a target:
Makefile:
#  Implicit rule search has been done.
#  Last modified 2022-08-28 19:29:38
#  File has been updated.
#  Successfully updated.
# variable set hash-table stats:
# Load=0/32=0%, Rehash=0, Collisions=0/0=0%

obj/action_fork.o: src/action_fork.c Makefile | obj
#  Implicit rule search has been done.
#  Implicit/static pattern stem: `action_fork'
#  Last modified 2022-08-28 19:29:38
#  File has been updated.
#  Successfully updated.
# variable set hash-table stats:
# Load=0/32=0%, Rehash=0, Collisions=0/0=0%
#  commands to execute (from `Makefile', line 44):
	$(CC) $(FLAGS) -c $< -o $@
	

obj/action_sleep.o: src/action_sleep.c Makefile | obj
#  Implicit rule search has been done.
#  Implicit/static pattern stem: `action_sleep'
#  Last modified 2022-08-28 19:29:38
#  File has been updated.
#  Successfully updated.
# variable set hash-table stats:
# Load=0/32=0%, Rehash=0, Collisions=0/0=0%
#  commands to execute (from `Makefile', line 44):
	$(CC) $(FLAGS) -c $< -o $@
	

obj/state_print.o: src/state_print.c Makefile | obj
#  Implicit rule search has been done.
#  Implicit/static pattern stem: `state_print'
#  Last modified 2022-08-28 19:29:38
#  File has been updated.
#  Successfully updated.
# variable set hash-table stats:
# Load=0/32=0%, Rehash=0, Collisions=0/0=0%
#  commands to execute (from `Makefile', line 44):
	$(CC) $(FLAGS) -c $< -o $@
	

# Not a target:
src/util_all_free.c:
#  Implicit rule search has been done.
#  Last modified 2022-08-28 19:29:38
#  File has been updated.
#  Successfully updated.
# variable set hash-table stats:
# Load=0/32=0%, Rehash=0, Collisions=0/0=0%

# Not a target:
src/util_destroy_mutex.c:
#  Implicit rule search has been done.
#  Last modified 2022-08-28 19:29:38
#  File has been updated.
#  Successfully updated.
# variable set hash-table stats:
# Load=0/32=0%, Rehash=0, Collisions=0/0=0%

obj/error_philo.o: src/error_philo.c Makefile | obj
#  Implicit rule search has been done.
#  Implicit/static pattern stem: `error_philo'
#  Last modified 2022-08-28 19:29:38
#  File has been updated.
#  Successfully updated.
# variable set hash-table stats:
# Load=0/32=0%, Rehash=0, Collisions=0/0=0%
#  commands to execute (from `Makefile', line 44):
	$(CC) $(FLAGS) -c $< -o $@
	

# Not a target:
src/set_philo.c:
#  Implicit rule search has been done.
#  Last modified 2022-08-28 19:29:38
#  File has been updated.
#  Successfully updated.
# variable set hash-table stats:
# Load=0/32=0%, Rehash=0, Collisions=0/0=0%

# Not a target:
src/start_philo.c:
#  Implicit rule search has been done.
#  Last modified 2022-08-28 19:29:38
#  File has been updated.
#  Successfully updated.
# variable set hash-table stats:
# Load=0/32=0%, Rehash=0, Collisions=0/0=0%

# Not a target:
src/set_mutex.c:
#  Implicit rule search has been done.
#  Last modified 2022-08-28 19:29:38
#  File has been updated.
#  Successfully updated.
# variable set hash-table stats:
# Load=0/32=0%, Rehash=0, Collisions=0/0=0%

fclean:
#  Phony target (prerequisite of .PHONY).
#  Implicit rule search has not been done.
#  File does not exist.
#  File has not been updated.
#  commands to execute (from `Makefile', line 53):
	$(RM) $(DIR_OBJS)
	$(RM) $(NAME)
	

obj/philo_to_job.o: src/philo_to_job.c Makefile | obj
#  Implicit rule search has been done.
#  Implicit/static pattern stem: `philo_to_job'
#  Last modified 2022-08-28 19:29:38
#  File has been updated.
#  Successfully updated.
# variable set hash-table stats:
# Load=0/32=0%, Rehash=0, Collisions=0/0=0%
#  commands to execute (from `Makefile', line 44):
	$(CC) $(FLAGS) -c $< -o $@
	

obj/check_arg.o: src/check_arg.c Makefile | obj
#  Implicit rule search has been done.
#  Implicit/static pattern stem: `check_arg'
#  Last modified 2022-08-28 19:29:38
#  File has been updated.
#  Successfully updated.
# variable set hash-table stats:
# Load=0/32=0%, Rehash=0, Collisions=0/0=0%
#  commands to execute (from `Makefile', line 44):
	$(CC) $(FLAGS) -c $< -o $@
	

obj/util_times.o: src/util_times.c Makefile | obj
#  Implicit rule search has been done.
#  Implicit/static pattern stem: `util_times'
#  Last modified 2022-08-28 19:29:38
#  File has been updated.
#  Successfully updated.
# variable set hash-table stats:
# Load=0/32=0%, Rehash=0, Collisions=0/0=0%
#  commands to execute (from `Makefile', line 44):
	$(CC) $(FLAGS) -c $< -o $@
	

obj:
#  Implicit rule search has not been done.
#  Last modified 2022-08-28 19:29:38
#  File has been updated.
#  Successfully updated.
#  commands to execute (from `Makefile', line 47):
	mkdir -p $@
	

obj/set_table.o: src/set_table.c Makefile | obj
#  Implicit rule search has been done.
#  Implicit/static pattern stem: `set_table'
#  Last modified 2022-08-28 19:29:38
#  File has been updated.
#  Successfully updated.
# variable set hash-table stats:
# Load=0/32=0%, Rehash=0, Collisions=0/0=0%
#  commands to execute (from `Makefile', line 44):
	$(CC) $(FLAGS) -c $< -o $@
	

# Not a target:
src/action_fork.c:
#  Implicit rule search has been done.
#  Last modified 2022-08-28 19:29:38
#  File has been updated.
#  Successfully updated.
# variable set hash-table stats:
# Load=0/32=0%, Rehash=0, Collisions=0/0=0%

# Not a target:
src/action_sleep.c:
#  Implicit rule search has been done.
#  Last modified 2022-08-28 19:29:38
#  File has been updated.
#  Successfully updated.
# variable set hash-table stats:
# Load=0/32=0%, Rehash=0, Collisions=0/0=0%

obj/util_ft_atoi.o: src/util_ft_atoi.c Makefile | obj
#  Implicit rule search has been done.
#  Implicit/static pattern stem: `util_ft_atoi'
#  Last modified 2022-08-28 19:29:38
#  File has been updated.
#  Successfully updated.
# variable set hash-table stats:
# Load=0/32=0%, Rehash=0, Collisions=0/0=0%
#  commands to execute (from `Makefile', line 44):
	$(CC) $(FLAGS) -c $< -o $@
	

# Not a target:
src/state_print.c:
#  Implicit rule search has been done.
#  Last modified 2022-08-28 19:29:38
#  File has been updated.
#  Successfully updated.
# variable set hash-table stats:
# Load=0/32=0%, Rehash=0, Collisions=0/0=0%

obj/philo.o: src/philo.c Makefile | obj
#  Implicit rule search has been done.
#  Implicit/static pattern stem: `philo'
#  Last modified 2022-08-28 19:29:38
#  File has been updated.
#  Successfully updated.
# variable set hash-table stats:
# Load=0/32=0%, Rehash=0, Collisions=0/0=0%
#  commands to execute (from `Makefile', line 44):
	$(CC) $(FLAGS) -c $< -o $@
	

# Not a target:
.DEFAULT:
#  Implicit rule search has not been done.
#  Modification time never checked.
#  File has not been updated.

obj/action_eat.o: src/action_eat.c Makefile | obj
#  Implicit rule search has been done.
#  Implicit/static pattern stem: `action_eat'
#  Last modified 2022-08-28 19:29:38
#  File has been updated.
#  Successfully updated.
# variable set hash-table stats:
# Load=0/32=0%, Rehash=0, Collisions=0/0=0%
#  commands to execute (from `Makefile', line 44):
	$(CC) $(FLAGS) -c $< -o $@
	

# Not a target:
src/error_philo.c:
#  Implicit rule search has been done.
#  Last modified 2022-08-28 19:29:38
#  File has been updated.
#  Successfully updated.
# variable set hash-table stats:
# Load=0/32=0%, Rehash=0, Collisions=0/0=0%

re: fclean all
#  Phony target (prerequisite of .PHONY).
#  Implicit rule search has not been done.
#  File does not exist.
#  File has not been updated.

clean:
#  Phony target (prerequisite of .PHONY).
#  Implicit rule search has not been done.
#  File does not exist.
#  File has not been updated.
#  commands to execute (from `Makefile', line 50):
	$(RM) $(DIR_OBJS)
	

obj/utils.o: src/utils.c Makefile | obj
#  Implicit rule search has been done.
 
#  Implicit/static pattern stem: `utils'
#  Last modified 2022-08-28 19:29:38
#  File has been updated.
#  Successfully updated.
# variable set hash-table stats:
# Load=0/32=0%, Rehash=0, Collisions=0/0=0%
#  commands to execute (from `Makefile', line 44):
	$(CC) $(FLAGS) -c $< -o $@
	

# Not a target:
src/philo_to_job.c:
#  Implicit rule search has been done.
#  Last modified 2022-08-28 19:29:38
#  File has been updated.
#  Successfully updated.
# variable set hash-table stats:
# Load=0/32=0%, Rehash=0, Collisions=0/0=0%

obj/util_detach.o: src/util_detach.c Makefile | obj
#  Implicit rule search has been done.
#  Implicit/static pattern stem: `util_detach'
#  Last modified 2022-08-28 19:29:38
#  File has been updated.
#  Successfully updated.
# variable set hash-table stats:
# Load=0/32=0%, Rehash=0, Collisions=0/0=0%
#  commands to execute (from `Makefile', line 44):
	$(CC) $(FLAGS) -c $< -o $@
	

# Not a target:
src/check_arg.c:
#  Implicit rule search has been done.
#  Last modified 2022-08-28 19:29:38
#  File has been updated.
#  Successfully updated.
# variable set hash-table stats:
# Load=0/32=0%, Rehash=0, Collisions=0/0=0%

# Not a target:
src/util_times.c:
#  Implicit rule search has been done.
#  Last modified 2022-08-28 19:29:38
#  File has been updated.
#  Successfully updated.
# variable set hash-table stats:
# Load=0/32=0%, Rehash=0, Collisions=0/0=0%

obj/check_philo.o: src/check_philo.c Makefile | obj
#  Implicit rule search has been done.
#  Implicit/static pattern stem: `check_philo'
#  Last modified 2022-08-28 19:29:38
#  File has been updated.
#  Successfully updated.
# variable set hash-table stats:
# Load=0/32=0%, Rehash=0, Collisions=0/0=0%
#  commands to execute (from `Makefile', line 44):
	$(CC) $(FLAGS) -c $< -o $@
	

# Not a target:
src/set_table.c:
#  Implicit rule search has been done.
#  Last modified 2022-08-28 19:29:38
#  File has been updated.
#  Successfully updated.
# variable set hash-table stats:
# Load=0/32=0%, Rehash=0, Collisions=0/0=0%

# Not a target:
src/util_ft_atoi.c:
#  Implicit rule search has been done.
#  Last modified 2022-08-28 19:29:38
#  File has been updated.
#  Successfully updated.
# variable set hash-table stats:
# Load=0/32=0%, Rehash=0, Collisions=0/0=0%

# Not a target:
src/philo.c:
#  Implicit rule search has been done.
#  Last modified 2022-08-28 19:29:38
#  File has been updated.
#  Successfully updated.
# variable set hash-table stats:
# Load=0/32=0%, Rehash=0, Collisions=0/0=0%

obj/util_thread_pause.o: src/util_thread_pause.c Makefile | obj
#  Implicit rule search has been done.
#  Implicit/static pattern stem: `util_thread_pause'
#  Last modified 2022-08-28 19:29:38
#  File has been updated.
#  Successfully updated.
# variable set hash-table stats:
# Load=0/32=0%, Rehash=0, Collisions=0/0=0%
#  commands to execute (from `Makefile', line 44):
	$(CC) $(FLAGS) -c $< -o $@
	

# Not a target:
src/action_eat.c:
#  Implicit rule search has been done.
#  Last modified 2022-08-28 19:29:38
#  File has been updated.
#  Successfully updated.
# variable set hash-table stats:
# Load=0/32=0%, Rehash=0, Collisions=0/0=0%

# Not a target:
src/utils.c:
#  Implicit rule search has been done.
#  Last modified 2022-08-28 19:29:38
#  File has been updated.
#  Successfully updated.
# variable set hash-table stats:
# Load=0/32=0%, Rehash=0, Collisions=0/0=0%

# files hash-table stats:
# Load=50/1024=5%, Rehash=0, Collisions=0/230=0%
# VPATH Search Paths

# No `vpath' search paths.

# No general (`VPATH' variable) search path.

# # of strings in strcache: 1
# # of strcache buffers: 1
# strcache size: total = 4096 / max = 4096 / min = 4096 / avg = 4096
# strcache free: total = 4087 / max = 4087 / min = 4087 / avg = 4087

# Finished Make data base on Sun Aug 28 20:01:46 2022

 
